{
  "RSpec": {
    "coverage": {
      "/home/deq/Desktop/Test/near_cut/app/controllers/users_controller.rb": {
        "lines": [
          null,
          null,
          1,
          null,
          null,
          1,
          1,
          null,
          1,
          null,
          1,
          6,
          6,
          null,
          4,
          4,
          null,
          null,
          1,
          1,
          1,
          1,
          1,
          null,
          null,
          null,
          null,
          1,
          null,
          1,
          4,
          2,
          null,
          1,
          null,
          1,
          null,
          null
        ]
      },
      "/home/deq/Desktop/Test/near_cut/lib/csv_processor.rb": {
        "lines": [
          null,
          null,
          null,
          1,
          1,
          1,
          4,
          4,
          3,
          2,
          4,
          null,
          4,
          null,
          2,
          null,
          null,
          1,
          6,
          1,
          5,
          1,
          null,
          null,
          null,
          1,
          null,
          1,
          4,
          4,
          1,
          null,
          3,
          null,
          null,
          null,
          1,
          4,
          null,
          null,
          1,
          3,
          null,
          1,
          null,
          null,
          null
        ]
      },
      "/home/deq/Desktop/Test/near_cut/app/controllers/application_controller.rb": {
        "lines": [
          null,
          null,
          1,
          1,
          7,
          7,
          null,
          null
        ]
      },
      "/home/deq/Desktop/Test/near_cut/spec/lib/password_validator_spec.rb": {
        "lines": [
          1,
          1,
          null,
          1,
          1,
          1,
          1,
          null,
          null,
          1,
          1,
          1,
          null,
          null,
          1,
          1,
          1,
          null,
          null,
          1,
          1,
          1,
          null,
          null,
          1,
          1,
          1,
          null,
          null,
          1,
          1,
          1,
          null,
          null,
          1,
          1,
          1,
          null,
          null,
          1,
          1,
          1,
          null,
          null,
          1,
          1,
          1,
          null,
          null
        ]
      },
      "/home/deq/Desktop/Test/near_cut/spec/models/user_spec.rb": {
        "lines": [
          null,
          null,
          1,
          null,
          1,
          1,
          1,
          1,
          null,
          null,
          1,
          1,
          1,
          null,
          null,
          1,
          1,
          1,
          null,
          null,
          1,
          1,
          1,
          null,
          null,
          1,
          1,
          1,
          null,
          null,
          1,
          1,
          1,
          null,
          null,
          1,
          1,
          1,
          null,
          null,
          1,
          1,
          1,
          null,
          null,
          1,
          1,
          1,
          null,
          null
        ]
      },
      "/home/deq/Desktop/Test/near_cut/app/models/user.rb": {
        "lines": [
          null,
          null,
          null,
          1,
          1,
          null,
          1,
          1,
          null
        ]
      },
      "/home/deq/Desktop/Test/near_cut/app/models/application_record.rb": {
        "lines": [
          1,
          1,
          null
        ]
      },
      "/home/deq/Desktop/Test/near_cut/app/models/concerns/password_validator.rb": {
        "lines": [
          null,
          null,
          null,
          1,
          1,
          1,
          1,
          1,
          1,
          1,
          null,
          1,
          24,
          22,
          19,
          null,
          15,
          null,
          null,
          1,
          null,
          1,
          15,
          10,
          8,
          6,
          null,
          4,
          null,
          null,
          1,
          5,
          5,
          3,
          2,
          2,
          null,
          5,
          null,
          null,
          1,
          2,
          2,
          null,
          null,
          1,
          4,
          null,
          null,
          1,
          2,
          null,
          null,
          1,
          2,
          null,
          null
        ]
      },
      "/home/deq/Desktop/Test/near_cut/spec/views/upload.html.erb_spec.rb": {
        "lines": [
          null,
          null,
          1,
          null,
          1,
          1,
          1,
          1,
          1,
          null,
          null,
          null,
          null,
          1,
          1,
          1,
          1,
          null,
          null,
          null,
          1,
          1,
          1,
          1,
          1,
          null,
          null,
          null,
          null,
          1,
          1,
          1,
          1,
          null,
          null,
          null,
          null
        ]
      }
    },
    "timestamp": 1628759825
  }
}
